<?xml version="1.0" encoding="UTF-8"?>
<!-- Generated by org.testng.reporters.JUnitReportReporter -->
<testsuite hostname="system11" name="DriverFactory.DriverScript" tests="1" failures="0" timestamp="9 Nov 2019 14:11:03 GMT" time="41.162" errors="0">
  <testcase name="startTest" time="41.162" classname="DriverFactory.DriverScript"/>
</testsuite> <!-- DriverFactory.DriverScript -->
