<?xml version="1.0" encoding="UTF-8"?>
<!-- Generated by org.testng.reporters.JUnitReportReporter -->
<testsuite hostname="system11" name="DriverFactory.AppTest" tests="1" failures="0" timestamp="8 Nov 2019 04:46:10 GMT" time="42.724" errors="0">
  <testcase name="kickStart" time="42.724" classname="DriverFactory.AppTest"/>
</testsuite> <!-- DriverFactory.AppTest -->
